2017-10-10T08:23:09+00:00 DEBUG (7): Zend_Exception: dbModel read resource does not implement Zend_Db_Adapter_Abstract in G:\xampp\htdocs\magento1.9\lib\Varien\Data\Collection\Db.php:187
Stack trace:
#0 G:\xampp\htdocs\magento1.9\app\code\core\Mage\Core\Model\Resource\Db\Collection\Abstract.php(134): Varien_Data_Collection_Db->setConnection(false)
#1 G:\xampp\htdocs\magento1.9\app\code\core\Mage\Core\Model\Config.php(1357): Mage_Core_Model_Resource_Db_Collection_Abstract->__construct(Array)
#2 G:\xampp\htdocs\magento1.9\app\code\core\Mage\Core\Model\Config.php(1389): Mage_Core_Model_Config->getModelInstance('wordpress_resou...', Array)
#3 G:\xampp\htdocs\magento1.9\app\Mage.php(491): Mage_Core_Model_Config->getResourceModelInstance('wordpress/user_...', Array)
#4 G:\xampp\htdocs\magento1.9\app\code\community\Fishpig\Wordpress\Model\Resource\User.php(75): Mage::getResourceModel('wordpress/user_...')
#5 G:\xampp\htdocs\magento1.9\app\code\community\Fishpig\Wordpress\sql\wordpress_setup\mysql4-upgrade-3.2.0.0-3.2.0.1.php(22): Fishpig_Wordpress_Model_Resource_User->cleanDuplicates()
#6 G:\xampp\htdocs\magento1.9\app\code\core\Mage\Core\Model\Resource\Setup.php(624): include('G:\\xampp\\htdocs...')
#7 G:\xampp\htdocs\magento1.9\app\code\core\Mage\Core\Model\Resource\Setup.php(422): Mage_Core_Model_Resource_Setup->_modifyResourceDb('upgrade', '0.1.0', '4.2.2.16')
#8 G:\xampp\htdocs\magento1.9\app\code\core\Mage\Core\Model\Resource\Setup.php(327): Mage_Core_Model_Resource_Setup->_installResourceDb('4.2.2.16')
#9 G:\xampp\htdocs\magento1.9\app\code\core\Mage\Core\Model\Resource\Setup.php(235): Mage_Core_Model_Resource_Setup->applyUpdates()
#10 G:\xampp\htdocs\magento1.9\app\code\core\Mage\Core\Model\App.php(428): Mage_Core_Model_Resource_Setup::applyAllUpdates()
#11 G:\xampp\htdocs\magento1.9\app\code\core\Mage\Core\Model\App.php(354): Mage_Core_Model_App->_initModules()
#12 G:\xampp\htdocs\magento1.9\app\Mage.php(683): Mage_Core_Model_App->run(Array)
#13 G:\xampp\htdocs\magento1.9\index.php(83): Mage::run('', 'store')
#14 {main}
2017-10-10T08:39:41+00:00 DEBUG (7): Exception: WordPress Admin details not set. in G:\xampp\htdocs\magento1.9\app\code\community\Fishpig\Wordpress\controllers\Adminhtml\WordpressController.php:31
Stack trace:
#0 G:\xampp\htdocs\magento1.9\includes\src\__default.php(14334): Fishpig_Wordpress_Adminhtml_WordpressController->loginAction()
#1 G:\xampp\htdocs\magento1.9\includes\src\__default.php(18826): Mage_Core_Controller_Varien_Action->dispatch('login')
#2 G:\xampp\htdocs\magento1.9\includes\src\__default.php(18356): Mage_Core_Controller_Varien_Router_Standard->match(Object(Mage_Core_Controller_Request_Http))
#3 G:\xampp\htdocs\magento1.9\includes\src\__default.php(21292): Mage_Core_Controller_Varien_Front->dispatch()
#4 G:\xampp\htdocs\magento1.9\app\Mage.php(683): Mage_Core_Model_App->run(Array)
#5 G:\xampp\htdocs\magento1.9\index.php(83): Mage::run('', 'store')
#6 {main}
